E:\临时文件夹\设计\TOOL\SEVER\SEVER\DEBUG\SEVER.EXE
E:\临时文件夹\设计\TOOL\SEVER\SEVER\DEBUG\SEVER.ILK
E:\临时文件夹\设计\TOOL\SEVER\SEVER\DEBUG\SEVER.PDB
E:\临时文件夹\设计\tool\sever\sever\sever\Debug\cl.command.1.tlog
E:\临时文件夹\设计\tool\sever\sever\sever\Debug\CL.read.1.tlog
E:\临时文件夹\设计\tool\sever\sever\sever\Debug\CL.write.1.tlog
E:\临时文件夹\设计\tool\sever\sever\sever\Debug\link.command.1.tlog
E:\临时文件夹\设计\tool\sever\sever\sever\Debug\link.read.1.tlog
E:\临时文件夹\设计\tool\sever\sever\sever\Debug\link.write.1.tlog
E:\临时文件夹\设计\tool\sever\sever\sever\Debug\link-cvtres.read.1.tlog
E:\临时文件夹\设计\tool\sever\sever\sever\Debug\link-cvtres.write.1.tlog
E:\临时文件夹\设计\tool\sever\sever\sever\Debug\mt.command.1.tlog
E:\临时文件夹\设计\tool\sever\sever\sever\Debug\mt.read.1.tlog
E:\临时文件夹\设计\tool\sever\sever\sever\Debug\mt.write.1.tlog
E:\临时文件夹\设计\tool\sever\sever\sever\Debug\rc.command.1.tlog
E:\临时文件夹\设计\tool\sever\sever\sever\Debug\rc.read.1.tlog
E:\临时文件夹\设计\tool\sever\sever\sever\Debug\rc.write.1.tlog
E:\临时文件夹\设计\TOOL\SEVER\SEVER\SEVER\DEBUG\SEVER.EXE.EMBED.MANIFEST
E:\临时文件夹\设计\TOOL\SEVER\SEVER\SEVER\DEBUG\SEVER.EXE.EMBED.MANIFEST.RES
E:\临时文件夹\设计\TOOL\SEVER\SEVER\SEVER\DEBUG\SEVER.EXE.INTERMEDIATE.MANIFEST
E:\临时文件夹\设计\TOOL\SEVER\SEVER\SEVER\DEBUG\SEVER.OBJ
E:\临时文件夹\设计\TOOL\SEVER\SEVER\SEVER\DEBUG\SEVER.PCH
E:\临时文件夹\设计\tool\sever\sever\sever\Debug\sever_manifest.rc
E:\临时文件夹\设计\TOOL\SEVER\SEVER\SEVER\DEBUG\STDAFX.OBJ
E:\临时文件夹\设计\tool\sever\sever\sever\Debug\vc100.idb
E:\临时文件夹\设计\TOOL\SEVER\SEVER\SEVER\DEBUG\VC100.PDB
