生成启动时间为 2016-01-15 13:49:02。
     1>项目“E:\临时文件夹\设计\tool\sever\sever\sever\sever.vcxproj”在节点 3 上(rebuild 个目标)。
     1>_PrepareForClean:
         正在删除文件“Debug\sever.lastbuildstate”。
       InitializeBuildStatus:
         正在创建“Debug\sever.unsuccessfulbuild”，因为已指定“AlwaysCreate”。
       ClCompile:
         C:\Program Files\Microsoft Visual Studio 10.0\VC\bin\CL.exe /c /ZI /nologo /W3 /WX- /Od /Oy- /D WIN32 /D _DEBUG /D _CONSOLE /D _UNICODE /D UNICODE /Gm /EHsc /RTC1 /MDd /GS /fp:precise /Zc:wchar_t /Zc:forScope /Yc"StdAfx.h" /Fp"Debug\sever.pch" /Fo"Debug\\" /Fd"Debug\vc100.pdb" /Gd /TP /analyze- /errorReport:prompt stdafx.cpp
         stdafx.cpp
         C:\Program Files\Microsoft Visual Studio 10.0\VC\bin\CL.exe /c /ZI /nologo /W3 /WX- /Od /Oy- /D WIN32 /D _DEBUG /D _CONSOLE /D _UNICODE /D UNICODE /Gm /EHsc /RTC1 /MDd /GS /fp:precise /Zc:wchar_t /Zc:forScope /Yu"StdAfx.h" /Fp"Debug\sever.pch" /Fo"Debug\\" /Fd"Debug\vc100.pdb" /Gd /TP /analyze- /errorReport:prompt sever.cpp
         sever.cpp
       ManifestResourceCompile:
         C:\Program Files\Microsoft SDKs\Windows\v7.0A\bin\rc.exe /nologo /fo"Debug\sever.exe.embed.manifest.res" Debug\sever_manifest.rc 
       Link:
         C:\Program Files\Microsoft Visual Studio 10.0\VC\bin\link.exe /ERRORREPORT:PROMPT /OUT:"E:\临时文件夹\设计\tool\sever\sever\Debug\sever.exe" /INCREMENTAL /NOLOGO kernel32.lib user32.lib gdi32.lib winspool.lib comdlg32.lib advapi32.lib shell32.lib ole32.lib oleaut32.lib uuid.lib odbc32.lib odbccp32.lib /MANIFEST /ManifestFile:"Debug\sever.exe.intermediate.manifest" /MANIFESTUAC:"level='asInvoker' uiAccess='false'" /DEBUG /PDB:"E:\临时文件夹\设计\tool\sever\sever\Debug\sever.pdb" /SUBSYSTEM:CONSOLE /TLBID:1 /DYNAMICBASE /NXCOMPAT /IMPLIB:"E:\临时文件夹\设计\tool\sever\sever\Debug\sever.lib" /MACHINE:X86 Debug\sever.exe.embed.manifest.res
         Debug\sever.obj
         Debug\stdafx.obj
       Manifest:
         正在删除文件“Debug\sever.exe.embed.manifest”。
         C:\Program Files\Microsoft SDKs\Windows\v7.0A\bin\mt.exe /nologo /verbose /out:"Debug\sever.exe.embed.manifest" /manifest Debug\sever.exe.intermediate.manifest
         C:\Program Files\Microsoft SDKs\Windows\v7.0A\bin\rc.exe /nologo /fo"Debug\sever.exe.embed.manifest.res" Debug\sever_manifest.rc 
       LinkEmbedManifest:
         C:\Program Files\Microsoft Visual Studio 10.0\VC\bin\link.exe /ERRORREPORT:PROMPT /OUT:"E:\临时文件夹\设计\tool\sever\sever\Debug\sever.exe" /INCREMENTAL /NOLOGO kernel32.lib user32.lib gdi32.lib winspool.lib comdlg32.lib advapi32.lib shell32.lib ole32.lib oleaut32.lib uuid.lib odbc32.lib odbccp32.lib /MANIFEST /ManifestFile:"Debug\sever.exe.intermediate.manifest" /MANIFESTUAC:"level='asInvoker' uiAccess='false'" /DEBUG /PDB:"E:\临时文件夹\设计\tool\sever\sever\Debug\sever.pdb" /SUBSYSTEM:CONSOLE /TLBID:1 /DYNAMICBASE /NXCOMPAT /IMPLIB:"E:\临时文件夹\设计\tool\sever\sever\Debug\sever.lib" /MACHINE:X86 Debug\sever.exe.embed.manifest.res
         Debug\sever.obj
         Debug\stdafx.obj
         sever.vcxproj -> E:\临时文件夹\设计\tool\sever\sever\Debug\sever.exe
       FinalizeBuildStatus:
         正在删除文件“Debug\sever.unsuccessfulbuild”。
         正在对“Debug\sever.lastbuildstate”执行 Touch 任务。
     1>已完成生成项目“E:\临时文件夹\设计\tool\sever\sever\sever\sever.vcxproj”(rebuild 个目标)的操作。

生成成功。

已用时间 00:00:02.46
